[2026-06-13 23:37:14] data_ingestion - INFO - config loaded from : config/config.yaml
[2026-06-13 23:37:14] data_ingestion - INFO - DataIngestion INitialized with config data
[2026-06-13 23:37:14] data_ingestion - INFO - Data Ingestion Started
[2026-06-13 23:37:15] data_ingestion - INFO - shape of df: (891, 12)
[2026-06-13 23:37:15] data_ingestion - INFO - column list['PassengerId', 'Survived', 'Pclass', 'Name', 'Sex', 'Age', 'SibSp', 'Parch', 'Ticket', 'Fare', 'Cabin', 'Embarked']
[2026-06-13 23:37:15] data_ingestion - INFO - raw path : artifacts\data_ingestion\titanic.csv
[2026-06-13 23:37:15] data_ingestion - INFO - Train and test the data
[2026-06-13 23:37:15] data_ingestion - INFO - Train Shape (712, 12) | Test_Shape (179, 12)
[2026-06-13 23:37:15] data_ingestion - INFO - Train Survived ratio: 0.38 | Test Survived ratio: 0.39
[2026-06-13 23:37:15] data_ingestion - INFO - data ingestion  Completed
[2026-06-13 23:37:15] data_ingestion - INFO - ==================================================
[2026-06-13 23:37:15] main - INFO - Stage 1 Done
[2026-06-13 23:37:15] main - INFO - Stage 2: Data Transformation
[2026-06-13 23:37:15] Data_Transformation - INFO - config loaded from : config/config.yaml
[2026-06-13 23:37:15] Data_Transformation - INFO - DataTransformation Initialized with config
[2026-06-13 23:37:15] Data_Transformation - INFO - Data Transformation Started
[2026-06-13 23:37:15] Data_Transformation - INFO - Train shape : (712, 12) | Test Shape :(179, 12)
[2026-06-13 23:37:15] Data_Transformation - INFO - Starting Feature Engineering
[2026-06-13 23:37:15] Data_Transformation - INFO - Feature Created : FamilySize
[2026-06-13 23:37:15] Data_Transformation - INFO - updating the ISAlone is 1
[2026-06-13 23:37:15] Data_Transformation - INFO - feature created : Title | Unique Titles: <StringArray>
['Mr', 'Mrs', 'Rare', 'Miss', 'Master']
Length: 5, dtype: str
[2026-06-13 23:37:15] Data_Transformation - INFO - Feature Created : FamilySize
[2026-06-13 23:37:15] Data_Transformation - INFO - updating the ISAlone is 1
[2026-06-13 23:37:15] Data_Transformation - INFO - feature created : Title | Unique Titles: <StringArray>
['Mr', 'Miss', 'Mrs', 'Rare', 'Master']
Length: 5, dtype: str
[2026-06-13 23:37:15] Data_Transformation - INFO - Feature Engineering Completed
[2026-06-13 23:37:15] Data_Transformation - INFO - Dropper Columns : ['PassengerId', 'Name', 'Ticket', 'Cabin', 'SibSp', 'Parch']
[2026-06-13 23:37:15] Data_Transformation - INFO - x_train: (712, 8) | x_test: (179, 8)
[2026-06-13 23:37:15] Data_Transformation - INFO - numerical colummns : ['Pclass', 'Age', 'Fare', 'FamilySize', 'IsAlone']
[2026-06-13 23:37:15] exception - ERROR - error occured in File C:\Users\moune\OneDrive\Pictures\Desktop\Elango\IT Projects\Git_Clone_repo\Titanic_Survival_Prediction\src\components\data_transformation.py| line no 149| error message name 'categorical' is not defined
[2026-06-13 23:37:15] exception - ERROR - error occured in File C:\Users\moune\OneDrive\Pictures\Desktop\Elango\IT Projects\Git_Clone_repo\Titanic_Survival_Prediction\src\components\data_transformation.py| line no 206| error message error occured in File C:\Users\moune\OneDrive\Pictures\Desktop\Elango\IT Projects\Git_Clone_repo\Titanic_Survival_Prediction\src\components\data_transformation.py| line no 149| error message name 'categorical' is not defined
