[2026-06-15 09:46:26] main - INFO - Pipeline Started
[2026-06-15 09:46:26] data_ingestion - INFO - config loaded from : config/config.yaml
[2026-06-15 09:46:26] data_ingestion - INFO - DataIngestion INitialized with config data
[2026-06-15 09:46:26] Data_Transformation - INFO - config loaded from : config/config.yaml
[2026-06-15 09:46:26] Data_Transformation - INFO - DataTransformation Initialized with config
[2026-06-15 09:46:26] model_trainer - INFO - Config loaded successfully
[2026-06-15 09:46:26] model_trainer - INFO - ModelTrainer initialized with config
[2026-06-15 09:46:26] Train_Pipeline - INFO - TrainingPipeline initialized
[2026-06-15 09:46:26] Train_Pipeline - INFO - ==================================================
[2026-06-15 09:46:26] Train_Pipeline - INFO - Training Pipeline Started
[2026-06-15 09:46:26] Train_Pipeline - INFO - Stage1 - DataIngestion Started 
[2026-06-15 09:46:26] data_ingestion - INFO - Data Ingestion Started
[2026-06-15 09:46:26] data_ingestion - INFO - shape of df: (891, 12)
[2026-06-15 09:46:26] data_ingestion - INFO - column list['PassengerId', 'Survived', 'Pclass', 'Name', 'Sex', 'Age', 'SibSp', 'Parch', 'Ticket', 'Fare', 'Cabin', 'Embarked']
[2026-06-15 09:46:26] data_ingestion - INFO - raw path : artifacts\data_ingestion\titanic.csv
[2026-06-15 09:46:26] data_ingestion - INFO - Train and test the data
[2026-06-15 09:46:26] data_ingestion - INFO - Train Shape (712, 12) | Test_Shape (179, 12)
[2026-06-15 09:46:26] data_ingestion - INFO - Train Survived ratio: 0.38 | Test Survived ratio: 0.39
[2026-06-15 09:46:26] data_ingestion - INFO - data ingestion  Completed
[2026-06-15 09:46:26] data_ingestion - INFO - ==================================================
[2026-06-15 09:46:26] Train_Pipeline - INFO - Stage 1 - Completed
[2026-06-15 09:46:26] Train_Pipeline - INFO - stage 2 - Data Transformation
[2026-06-15 09:46:26] Data_Transformation - INFO - Data Transformation Started
[2026-06-15 09:46:26] Data_Transformation - INFO - Train shape : (712, 12) | Test Shape :(179, 12)
[2026-06-15 09:46:26] Data_Transformation - INFO - Starting Feature Engineering
[2026-06-15 09:46:26] Data_Transformation - INFO - Feature Created : FamilySize
[2026-06-15 09:46:26] Data_Transformation - INFO - updating the ISAlone is 1
[2026-06-15 09:46:26] Data_Transformation - INFO - feature created : Title | Unique Titles: <StringArray>
['Mr', 'Mrs', 'Rare', 'Miss', 'Master']
Length: 5, dtype: str
[2026-06-15 09:46:26] Data_Transformation - INFO - Feature Created : FamilySize
[2026-06-15 09:46:26] Data_Transformation - INFO - updating the ISAlone is 1
[2026-06-15 09:46:26] Data_Transformation - INFO - feature created : Title | Unique Titles: <StringArray>
['Mr', 'Miss', 'Mrs', 'Rare', 'Master']
Length: 5, dtype: str
[2026-06-15 09:46:26] Data_Transformation - INFO - Feature Engineering Completed
[2026-06-15 09:46:26] Data_Transformation - INFO - Dropper Columns : ['PassengerId', 'Name', 'Ticket', 'Cabin', 'SibSp', 'Parch']
[2026-06-15 09:46:26] Data_Transformation - INFO - x_train: (712, 8) | x_test: (179, 8)
[2026-06-15 09:46:26] Data_Transformation - INFO - numerical colummns : ['Pclass', 'Age', 'Fare', 'FamilySize', 'IsAlone']
[2026-06-15 09:46:26] Data_Transformation - INFO - categorical cols:['Sex', 'Embarked', 'Title']
[2026-06-15 09:46:26] Data_Transformation - INFO - Pipeline process successfully Completed
[2026-06-15 09:46:26] Data_Transformation - INFO - Preprocessing fit on train, transform applied to both
[2026-06-15 09:46:26] Data_Transformation - INFO - Train array shape: (712, 16)
[2026-06-15 09:46:26] Data_Transformation - INFO - test array shape: (179, 16)
[2026-06-15 09:46:26] utils - INFO - Object successfully saved ->artifacts\data_transformation\preprocessor.pkl
[2026-06-15 09:46:26] Data_Transformation - INFO - Data Transformation Completed
[2026-06-15 09:46:26] Train_Pipeline - INFO - Stage2 : Completed
[2026-06-15 09:46:26] Train_Pipeline - INFO - Stage 3 - Model Trainer
[2026-06-15 09:46:26] model_trainer - INFO - ==================================================
[2026-06-15 09:46:26] model_trainer - INFO - Model Training Started
[2026-06-15 09:46:26] model_trainer - INFO - X_train: (712, 15) | X_test: (179, 15)
[2026-06-15 09:46:26] model_trainer - INFO - Params loaded successfully
[2026-06-15 09:46:26] model_trainer - INFO - Models built: ['LogisticRegression', 'DecisionTree', 'RandomForest', 'GradientBoosting', 'AdaBoost', 'XGBoost', 'CatBoost', 'SVM', 'KNN']
[2026-06-15 09:46:26] model_trainer - INFO - Evaluating all models...
[2026-06-15 09:46:26] utils - INFO - Training model: LogisticRegression
[2026-06-15 09:46:26] utils - INFO - LogisticRegression -> Accuracy: 0.838 | F1: 0.782 | ROC-AUC: 0.8776
[2026-06-15 09:46:26] utils - INFO - Training model: DecisionTree
[2026-06-15 09:46:26] utils - INFO - DecisionTree -> Accuracy: 0.7989 | F1: 0.7 | ROC-AUC: 0.8449
[2026-06-15 09:46:26] utils - INFO - Training model: RandomForest
[2026-06-15 09:46:27] utils - INFO - RandomForest -> Accuracy: 0.8324 | F1: 0.7727 | ROC-AUC: 0.8615
[2026-06-15 09:46:27] utils - INFO - Training model: GradientBoosting
[2026-06-15 09:46:27] utils - INFO - GradientBoosting -> Accuracy: 0.8212 | F1: 0.7576 | ROC-AUC: 0.8448
[2026-06-15 09:46:27] utils - INFO - Training model: AdaBoost
[2026-06-15 09:46:27] utils - INFO - AdaBoost -> Accuracy: 0.8212 | F1: 0.7714 | ROC-AUC: 0.8335
[2026-06-15 09:46:27] utils - INFO - Training model: XGBoost
[2026-06-15 09:46:27] utils - INFO - XGBoost -> Accuracy: 0.8156 | F1: 0.7442 | ROC-AUC: 0.8475
[2026-06-15 09:46:27] utils - INFO - Training model: CatBoost
[2026-06-15 09:46:28] utils - INFO - CatBoost -> Accuracy: 0.8045 | F1: 0.7244 | ROC-AUC: 0.8557
[2026-06-15 09:46:28] utils - INFO - Training model: SVM
[2026-06-15 09:46:28] utils - INFO - SVM -> Accuracy: 0.8324 | F1: 0.7619 | ROC-AUC: 0.8559
[2026-06-15 09:46:28] utils - INFO - Training model: KNN
[2026-06-15 09:46:28] utils - INFO - KNN -> Accuracy: 0.8156 | F1: 0.7519 | ROC-AUC: 0.8586
[2026-06-15 09:46:28] model_trainer - INFO - ==================================================
[2026-06-15 09:46:28] model_trainer - INFO - Model Evaluation Report:
[2026-06-15 09:46:28] model_trainer - INFO - LogisticRegression   | Accuracy: 0.838 | F1: 0.782 | ROC-AUC: 0.8776
[2026-06-15 09:46:28] model_trainer - INFO - DecisionTree         | Accuracy: 0.7989 | F1: 0.7 | ROC-AUC: 0.8449
[2026-06-15 09:46:28] model_trainer - INFO - RandomForest         | Accuracy: 0.8324 | F1: 0.7727 | ROC-AUC: 0.8615
[2026-06-15 09:46:28] model_trainer - INFO - GradientBoosting     | Accuracy: 0.8212 | F1: 0.7576 | ROC-AUC: 0.8448
[2026-06-15 09:46:28] model_trainer - INFO - AdaBoost             | Accuracy: 0.8212 | F1: 0.7714 | ROC-AUC: 0.8335
[2026-06-15 09:46:28] model_trainer - INFO - XGBoost              | Accuracy: 0.8156 | F1: 0.7442 | ROC-AUC: 0.8475
[2026-06-15 09:46:28] model_trainer - INFO - CatBoost             | Accuracy: 0.8045 | F1: 0.7244 | ROC-AUC: 0.8557
[2026-06-15 09:46:28] model_trainer - INFO - SVM                  | Accuracy: 0.8324 | F1: 0.7619 | ROC-AUC: 0.8559
[2026-06-15 09:46:28] model_trainer - INFO - KNN                  | Accuracy: 0.8156 | F1: 0.7519 | ROC-AUC: 0.8586
[2026-06-15 09:46:28] model_trainer - INFO - ==================================================
[2026-06-15 09:46:28] model_trainer - INFO - Best model: LogisticRegression | Accuracy: 0.838
[2026-06-15 09:46:28] utils - INFO - Object successfully saved ->artifacts\models\model.pkl
[2026-06-15 09:46:28] model_trainer - INFO - Best model saved -> artifacts/models/model.pkl
[2026-06-15 09:46:28] model_trainer - INFO - Model report saved -> artifacts\models\model_report.json
[2026-06-15 09:46:28] model_trainer - INFO - Model Training Completed
[2026-06-15 09:46:28] model_trainer - INFO - ==================================================
[2026-06-15 09:46:28] Train_Pipeline - INFO - Stage 3 - Completed
[2026-06-15 09:46:28] Train_Pipeline - INFO - Training Pipeline COmpleted
[2026-06-15 09:46:28] Train_Pipeline - INFO - ==================================================
[2026-06-15 09:46:28] main - INFO - Best Model : LogisticRegression
[2026-06-15 09:46:28] main - INFO - Pipeline Completed
